[0m18:21:07.643683 [debug] [MainThread]: Sending event: {'category': 'dbt', 'action': 'invocation', 'label': 'start', 'context': [<snowplow_tracker.self_describing_json.SelfDescribingJson object at 0x000002687C97E8B0>, <snowplow_tracker.self_describing_json.SelfDescribingJson object at 0x000002687F260340>, <snowplow_tracker.self_describing_json.SelfDescribingJson object at 0x000002687F2608B0>]}


============================== 18:21:07.643683 | 22aceee3-365d-431a-aa26-251807a9a562 ==============================
[0m18:21:07.643683 [info ] [MainThread]: Running with dbt=1.8.7
[0m18:21:07.643683 [debug] [MainThread]: running dbt with arguments {'printer_width': '80', 'indirect_selection': 'eager', 'write_json': 'True', 'log_cache_events': 'False', 'partial_parse': 'True', 'cache_selected_only': 'False', 'warn_error': 'None', 'debug': 'False', 'version_check': 'True', 'log_path': 'C:\\Users\\khush\\Downloads\\DATA_226\\build_mau\\logs', 'profiles_dir': 'C:\\Users\\khush\\.dbt', 'fail_fast': 'False', 'use_colors': 'True', 'use_experimental_parser': 'False', 'no_print': 'None', 'quiet': 'False', 'empty': 'False', 'log_format': 'default', 'invocation_command': 'dbt run', 'introspect': 'True', 'static_parser': 'True', 'target_path': 'None', 'warn_error_options': 'WarnErrorOptions(include=[], exclude=[])', 'send_anonymous_usage_stats': 'True'}
[0m18:21:08.515148 [debug] [MainThread]: Sending event: {'category': 'dbt', 'action': 'project_id', 'label': '22aceee3-365d-431a-aa26-251807a9a562', 'context': [<snowplow_tracker.self_describing_json.SelfDescribingJson object at 0x00000268110F7700>]}
[0m18:21:08.562027 [debug] [MainThread]: Sending event: {'category': 'dbt', 'action': 'adapter_info', 'label': '22aceee3-365d-431a-aa26-251807a9a562', 'context': [<snowplow_tracker.self_describing_json.SelfDescribingJson object at 0x00000268110CA040>]}
[0m18:21:08.562027 [info ] [MainThread]: Registered adapter: snowflake=1.8.4
[0m18:21:08.562027 [debug] [MainThread]: checksum: 4af21dafb485259c48497ac86b711ddb1982f3d0f1c0ca4e09356de488b753c0, vars: {}, profile: , target: , version: 1.8.7
[0m18:21:08.562027 [info ] [MainThread]: Unable to do partial parsing because saved manifest not found. Starting full parse.
[0m18:21:08.562027 [debug] [MainThread]: Sending event: {'category': 'dbt', 'action': 'partial_parser', 'label': '22aceee3-365d-431a-aa26-251807a9a562', 'context': [<snowplow_tracker.self_describing_json.SelfDescribingJson object at 0x00000268111BDCA0>]}
[0m18:21:09.695284 [debug] [MainThread]: Sending event: {'category': 'dbt', 'action': 'load_project', 'label': '22aceee3-365d-431a-aa26-251807a9a562', 'context': [<snowplow_tracker.self_describing_json.SelfDescribingJson object at 0x0000026811583CD0>]}
[0m18:21:09.788937 [debug] [MainThread]: Sending event: {'category': 'dbt', 'action': 'resource_counts', 'label': '22aceee3-365d-431a-aa26-251807a9a562', 'context': [<snowplow_tracker.self_describing_json.SelfDescribingJson object at 0x00000268115E64F0>]}
[0m18:21:09.788937 [info ] [MainThread]: Found 2 models, 3 sources, 454 macros
[0m18:21:09.788937 [debug] [MainThread]: Sending event: {'category': 'dbt', 'action': 'runnable_timing', 'label': '22aceee3-365d-431a-aa26-251807a9a562', 'context': [<snowplow_tracker.self_describing_json.SelfDescribingJson object at 0x00000268115AFE20>]}
[0m18:21:09.788937 [info ] [MainThread]: 
[0m18:21:09.804562 [debug] [MainThread]: Acquiring new snowflake connection 'master'
[0m18:21:09.804562 [debug] [ThreadPool]: Acquiring new snowflake connection 'list_DEV'
[0m18:21:09.822232 [debug] [ThreadPool]: Using snowflake connection "list_DEV"
[0m18:21:09.822710 [debug] [ThreadPool]: On list_DEV: /* {"app": "dbt", "dbt_version": "1.8.7", "profile_name": "build_mau", "target_name": "dev", "connection_name": "list_DEV"} */
show terse schemas in database DEV
    limit 10000
[0m18:21:09.822710 [debug] [ThreadPool]: Opening a new connection, currently in state init
[0m18:21:10.729007 [debug] [ThreadPool]: SQL status: SUCCESS 4 in 0.919 seconds
[0m18:21:10.744651 [debug] [ThreadPool]: On list_DEV: Close
[0m18:21:10.941021 [debug] [ThreadPool]: Acquiring new snowflake connection 'list_DEV_ANALYTICS'
[0m18:21:10.956505 [debug] [ThreadPool]: Using snowflake connection "list_DEV_ANALYTICS"
[0m18:21:10.956505 [debug] [ThreadPool]: On list_DEV_ANALYTICS: /* {"app": "dbt", "dbt_version": "1.8.7", "profile_name": "build_mau", "target_name": "dev", "connection_name": "list_DEV_ANALYTICS"} */
show objects in DEV.ANALYTICS limit 10000
[0m18:21:10.956505 [debug] [ThreadPool]: Opening a new connection, currently in state init
[0m18:21:11.857091 [debug] [ThreadPool]: SQL status: SUCCESS 0 in 0.903 seconds
[0m18:21:11.857091 [debug] [ThreadPool]: On list_DEV_ANALYTICS: Close
[0m18:21:12.022137 [debug] [MainThread]: Sending event: {'category': 'dbt', 'action': 'runnable_timing', 'label': '22aceee3-365d-431a-aa26-251807a9a562', 'context': [<snowplow_tracker.self_describing_json.SelfDescribingJson object at 0x000002681169F460>]}
[0m18:21:12.022137 [info ] [MainThread]: Concurrency: 1 threads (target='dev')
[0m18:21:12.022137 [info ] [MainThread]: 
[0m18:21:12.037631 [debug] [Thread-1  ]: Began running node model.build_mau.session_timestamp
[0m18:21:12.037631 [info ] [Thread-1  ]: 1 of 2 START sql view model ANALYTICS.session_timestamp ........................ [RUN]
[0m18:21:12.037631 [debug] [Thread-1  ]: Acquiring new snowflake connection 'model.build_mau.session_timestamp'
[0m18:21:12.037631 [debug] [Thread-1  ]: Began compiling node model.build_mau.session_timestamp
[0m18:21:12.058891 [debug] [Thread-1  ]: Writing injected SQL for node "model.build_mau.session_timestamp"
[0m18:21:12.058891 [debug] [Thread-1  ]: Began executing node model.build_mau.session_timestamp
[0m18:21:12.092836 [debug] [Thread-1  ]: Writing runtime sql for node "model.build_mau.session_timestamp"
[0m18:21:12.092836 [debug] [Thread-1  ]: Using snowflake connection "model.build_mau.session_timestamp"
[0m18:21:12.092836 [debug] [Thread-1  ]: On model.build_mau.session_timestamp: /* {"app": "dbt", "dbt_version": "1.8.7", "profile_name": "build_mau", "target_name": "dev", "node_id": "model.build_mau.session_timestamp"} */
create or replace   view DEV.ANALYTICS.session_timestamp
  
   as (
    SELECT
    sessionId,
    ts
FROM dev.raw_data.session_timestamp
WHERE sessionId IS NOT NULL
  );
[0m18:21:12.092836 [debug] [Thread-1  ]: Opening a new connection, currently in state init
[0m18:21:16.703754 [debug] [Thread-1  ]: SQL status: SUCCESS 1 in 4.616 seconds
[0m18:21:16.729537 [debug] [Thread-1  ]: On model.build_mau.session_timestamp: Close
[0m18:21:16.884865 [debug] [Thread-1  ]: Sending event: {'category': 'dbt', 'action': 'run_model', 'label': '22aceee3-365d-431a-aa26-251807a9a562', 'context': [<snowplow_tracker.self_describing_json.SelfDescribingJson object at 0x0000026811852AC0>]}
[0m18:21:16.884865 [info ] [Thread-1  ]: 1 of 2 OK created sql view model ANALYTICS.session_timestamp ................... [[32mSUCCESS 1[0m in 4.83s]
[0m18:21:16.884865 [debug] [Thread-1  ]: Finished running node model.build_mau.session_timestamp
[0m18:21:16.884865 [debug] [Thread-1  ]: Began running node model.build_mau.user_session_channel
[0m18:21:16.884865 [info ] [Thread-1  ]: 2 of 2 START sql view model ANALYTICS.user_session_channel ..................... [RUN]
[0m18:21:16.884865 [debug] [Thread-1  ]: Re-using an available connection from the pool (formerly model.build_mau.session_timestamp, now model.build_mau.user_session_channel)
[0m18:21:16.884865 [debug] [Thread-1  ]: Began compiling node model.build_mau.user_session_channel
[0m18:21:16.884865 [debug] [Thread-1  ]: Writing injected SQL for node "model.build_mau.user_session_channel"
[0m18:21:16.884865 [debug] [Thread-1  ]: Began executing node model.build_mau.user_session_channel
[0m18:21:16.884865 [debug] [Thread-1  ]: Writing runtime sql for node "model.build_mau.user_session_channel"
[0m18:21:16.884865 [debug] [Thread-1  ]: Using snowflake connection "model.build_mau.user_session_channel"
[0m18:21:16.884865 [debug] [Thread-1  ]: On model.build_mau.user_session_channel: /* {"app": "dbt", "dbt_version": "1.8.7", "profile_name": "build_mau", "target_name": "dev", "node_id": "model.build_mau.user_session_channel"} */
create or replace   view DEV.ANALYTICS.user_session_channel
  
   as (
    SELECT
    userId,
    sessionId,
    channel
FROM dev.raw_data.user_session_channel
WHERE sessionId IS NOT NULL
  );
[0m18:21:16.884865 [debug] [Thread-1  ]: Opening a new connection, currently in state closed
[0m18:21:18.119202 [debug] [Thread-1  ]: SQL status: SUCCESS 1 in 1.225 seconds
[0m18:21:18.119202 [debug] [Thread-1  ]: On model.build_mau.user_session_channel: Close
[0m18:21:18.318535 [debug] [Thread-1  ]: Sending event: {'category': 'dbt', 'action': 'run_model', 'label': '22aceee3-365d-431a-aa26-251807a9a562', 'context': [<snowplow_tracker.self_describing_json.SelfDescribingJson object at 0x00000268118F93A0>]}
[0m18:21:18.319534 [info ] [Thread-1  ]: 2 of 2 OK created sql view model ANALYTICS.user_session_channel ................ [[32mSUCCESS 1[0m in 1.43s]
[0m18:21:18.320655 [debug] [Thread-1  ]: Finished running node model.build_mau.user_session_channel
[0m18:21:18.321662 [debug] [MainThread]: Connection 'master' was properly closed.
[0m18:21:18.321662 [debug] [MainThread]: Connection 'list_DEV' was properly closed.
[0m18:21:18.322659 [debug] [MainThread]: Connection 'list_DEV_ANALYTICS' was properly closed.
[0m18:21:18.322659 [debug] [MainThread]: Connection 'model.build_mau.user_session_channel' was properly closed.
[0m18:21:18.322659 [info ] [MainThread]: 
[0m18:21:18.323674 [info ] [MainThread]: Finished running 2 view models in 0 hours 0 minutes and 8.52 seconds (8.52s).
[0m18:21:18.324720 [debug] [MainThread]: Command end result
[0m18:21:18.348274 [info ] [MainThread]: 
[0m18:21:18.348933 [info ] [MainThread]: [32mCompleted successfully[0m
[0m18:21:18.349967 [info ] [MainThread]: 
[0m18:21:18.351007 [info ] [MainThread]: Done. PASS=2 WARN=0 ERROR=0 SKIP=0 TOTAL=2
[0m18:21:18.351007 [debug] [MainThread]: Command `dbt run` succeeded at 18:21:18.351007 after 10.75 seconds
[0m18:21:18.351007 [debug] [MainThread]: Sending event: {'category': 'dbt', 'action': 'invocation', 'label': 'end', 'context': [<snowplow_tracker.self_describing_json.SelfDescribingJson object at 0x000002687C97E8B0>, <snowplow_tracker.self_describing_json.SelfDescribingJson object at 0x00000268110CA040>, <snowplow_tracker.self_describing_json.SelfDescribingJson object at 0x0000026811867D60>]}
[0m18:21:18.351007 [debug] [MainThread]: Flushing usage events
[0m18:25:45.626927 [debug] [MainThread]: Sending event: {'category': 'dbt', 'action': 'invocation', 'label': 'start', 'context': [<snowplow_tracker.self_describing_json.SelfDescribingJson object at 0x000001B3FFB4A850>, <snowplow_tracker.self_describing_json.SelfDescribingJson object at 0x000001B382DE82E0>, <snowplow_tracker.self_describing_json.SelfDescribingJson object at 0x000001B382DE8370>]}


============================== 18:25:45.626927 | 991cffc6-6860-4c5d-8336-ab6d09dd80d6 ==============================
[0m18:25:45.626927 [info ] [MainThread]: Running with dbt=1.8.7
[0m18:25:45.626927 [debug] [MainThread]: running dbt with arguments {'printer_width': '80', 'indirect_selection': 'eager', 'log_cache_events': 'False', 'write_json': 'True', 'partial_parse': 'True', 'cache_selected_only': 'False', 'profiles_dir': 'C:\\Users\\khush\\.dbt', 'fail_fast': 'False', 'warn_error': 'None', 'log_path': 'C:\\Users\\khush\\Downloads\\DATA_226\\build_mau\\logs', 'debug': 'False', 'version_check': 'True', 'use_colors': 'True', 'use_experimental_parser': 'False', 'no_print': 'None', 'quiet': 'False', 'empty': 'False', 'log_format': 'default', 'introspect': 'True', 'warn_error_options': 'WarnErrorOptions(include=[], exclude=[])', 'invocation_command': 'dbt run', 'target_path': 'None', 'static_parser': 'True', 'send_anonymous_usage_stats': 'True'}
[0m18:25:46.433340 [debug] [MainThread]: Sending event: {'category': 'dbt', 'action': 'project_id', 'label': '991cffc6-6860-4c5d-8336-ab6d09dd80d6', 'context': [<snowplow_tracker.self_describing_json.SelfDescribingJson object at 0x000001B3808F1D00>]}
[0m18:25:46.464587 [debug] [MainThread]: Sending event: {'category': 'dbt', 'action': 'adapter_info', 'label': '991cffc6-6860-4c5d-8336-ab6d09dd80d6', 'context': [<snowplow_tracker.self_describing_json.SelfDescribingJson object at 0x000001B39428D070>]}
[0m18:25:46.464587 [info ] [MainThread]: Registered adapter: snowflake=1.8.4
[0m18:25:46.480196 [debug] [MainThread]: checksum: 4af21dafb485259c48497ac86b711ddb1982f3d0f1c0ca4e09356de488b753c0, vars: {}, profile: , target: , version: 1.8.7
[0m18:25:46.572538 [info ] [MainThread]: Unable to do partial parsing because a project config has changed
[0m18:25:46.573529 [debug] [MainThread]: Sending event: {'category': 'dbt', 'action': 'partial_parser', 'label': '991cffc6-6860-4c5d-8336-ab6d09dd80d6', 'context': [<snowplow_tracker.self_describing_json.SelfDescribingJson object at 0x000001B3824143D0>]}
[0m18:25:47.673032 [debug] [MainThread]: Sending event: {'category': 'dbt', 'action': 'load_project', 'label': '991cffc6-6860-4c5d-8336-ab6d09dd80d6', 'context': [<snowplow_tracker.self_describing_json.SelfDescribingJson object at 0x000001B394754940>]}
[0m18:25:47.751059 [debug] [MainThread]: Sending event: {'category': 'dbt', 'action': 'resource_counts', 'label': '991cffc6-6860-4c5d-8336-ab6d09dd80d6', 'context': [<snowplow_tracker.self_describing_json.SelfDescribingJson object at 0x000001B39479DCA0>]}
[0m18:25:47.751059 [info ] [MainThread]: Found 3 models, 3 sources, 454 macros
[0m18:25:47.751059 [debug] [MainThread]: Sending event: {'category': 'dbt', 'action': 'runnable_timing', 'label': '991cffc6-6860-4c5d-8336-ab6d09dd80d6', 'context': [<snowplow_tracker.self_describing_json.SelfDescribingJson object at 0x000001B3947BEE50>]}
[0m18:25:47.751059 [info ] [MainThread]: 
[0m18:25:47.751059 [debug] [MainThread]: Acquiring new snowflake connection 'master'
[0m18:25:47.766781 [debug] [ThreadPool]: Acquiring new snowflake connection 'list_DEV'
[0m18:25:47.766781 [debug] [ThreadPool]: Using snowflake connection "list_DEV"
[0m18:25:47.766781 [debug] [ThreadPool]: On list_DEV: /* {"app": "dbt", "dbt_version": "1.8.7", "profile_name": "build_mau", "target_name": "dev", "connection_name": "list_DEV"} */
show terse schemas in database DEV
    limit 10000
[0m18:25:47.766781 [debug] [ThreadPool]: Opening a new connection, currently in state init
[0m18:25:48.775732 [debug] [ThreadPool]: SQL status: SUCCESS 4 in 1.007 seconds
[0m18:25:48.775732 [debug] [ThreadPool]: On list_DEV: Close
[0m18:25:48.955339 [debug] [ThreadPool]: Acquiring new snowflake connection 'list_DEV_ANALYTICS'
[0m18:25:48.955839 [debug] [ThreadPool]: Using snowflake connection "list_DEV_ANALYTICS"
[0m18:25:48.955839 [debug] [ThreadPool]: On list_DEV_ANALYTICS: /* {"app": "dbt", "dbt_version": "1.8.7", "profile_name": "build_mau", "target_name": "dev", "connection_name": "list_DEV_ANALYTICS"} */
show objects in DEV.ANALYTICS limit 10000
[0m18:25:48.955839 [debug] [ThreadPool]: Opening a new connection, currently in state init
[0m18:25:49.870609 [debug] [ThreadPool]: SQL status: SUCCESS 0 in 0.916 seconds
[0m18:25:49.870609 [debug] [ThreadPool]: On list_DEV_ANALYTICS: Close
[0m18:25:50.051690 [debug] [MainThread]: Sending event: {'category': 'dbt', 'action': 'runnable_timing', 'label': '991cffc6-6860-4c5d-8336-ab6d09dd80d6', 'context': [<snowplow_tracker.self_describing_json.SelfDescribingJson object at 0x000001B394877B50>]}
[0m18:25:50.051690 [info ] [MainThread]: Concurrency: 1 threads (target='dev')
[0m18:25:50.051690 [info ] [MainThread]: 
[0m18:25:50.051690 [debug] [Thread-1  ]: Began running node model.build_mau.session_timestamp
[0m18:25:50.051690 [debug] [Thread-1  ]: Acquiring new snowflake connection 'model.build_mau.session_timestamp'
[0m18:25:50.067198 [debug] [Thread-1  ]: Began compiling node model.build_mau.session_timestamp
[0m18:25:50.071622 [debug] [Thread-1  ]: Writing injected SQL for node "model.build_mau.session_timestamp"
[0m18:25:50.071622 [debug] [Thread-1  ]: Finished running node model.build_mau.session_timestamp
[0m18:25:50.071622 [debug] [Thread-1  ]: Began running node model.build_mau.user_session_channel
[0m18:25:50.071622 [debug] [Thread-1  ]: Re-using an available connection from the pool (formerly model.build_mau.session_timestamp, now model.build_mau.user_session_channel)
[0m18:25:50.071622 [debug] [Thread-1  ]: Began compiling node model.build_mau.user_session_channel
[0m18:25:50.071622 [debug] [Thread-1  ]: Writing injected SQL for node "model.build_mau.user_session_channel"
[0m18:25:50.071622 [debug] [Thread-1  ]: Finished running node model.build_mau.user_session_channel
[0m18:25:50.071622 [debug] [Thread-1  ]: Began running node model.build_mau.session_summary
[0m18:25:50.071622 [info ] [Thread-1  ]: 1 of 1 START sql table model ANALYTICS.session_summary ......................... [RUN]
[0m18:25:50.071622 [debug] [Thread-1  ]: Re-using an available connection from the pool (formerly model.build_mau.user_session_channel, now model.build_mau.session_summary)
[0m18:25:50.071622 [debug] [Thread-1  ]: Began compiling node model.build_mau.session_summary
[0m18:25:50.087312 [debug] [Thread-1  ]: Writing injected SQL for node "model.build_mau.session_summary"
[0m18:25:50.087312 [debug] [Thread-1  ]: Began executing node model.build_mau.session_summary
[0m18:25:50.119791 [debug] [Thread-1  ]: Writing runtime sql for node "model.build_mau.session_summary"
[0m18:25:50.121802 [debug] [Thread-1  ]: Using snowflake connection "model.build_mau.session_summary"
[0m18:25:50.121802 [debug] [Thread-1  ]: On model.build_mau.session_summary: /* {"app": "dbt", "dbt_version": "1.8.7", "profile_name": "build_mau", "target_name": "dev", "node_id": "model.build_mau.session_summary"} */
create or replace transient table DEV.ANALYTICS.session_summary
         as
        (WITH  __dbt__cte__user_session_channel as (
SELECT
    userId,
    sessionId,
    channel
FROM dev.raw_data.user_session_channel
WHERE sessionId IS NOT NULL
),  __dbt__cte__session_timestamp as (
SELECT
    sessionId,
    ts
FROM dev.raw_data.session_timestamp
WHERE sessionId IS NOT NULL
), u AS (
    SELECT * FROM __dbt__cte__user_session_channel
), st AS (
    SELECT * FROM __dbt__cte__session_timestamp
)
SELECT u.userId, u.sessionId, u.channel, st.ts
FROM u
JOIN st ON u.sessionId = st.sessionId
        );
[0m18:25:50.122879 [debug] [Thread-1  ]: Opening a new connection, currently in state init
[0m18:25:53.307376 [debug] [Thread-1  ]: SQL status: SUCCESS 1 in 3.187 seconds
[0m18:25:53.323095 [debug] [Thread-1  ]: On model.build_mau.session_summary: Close
[0m18:25:53.479676 [debug] [Thread-1  ]: Sending event: {'category': 'dbt', 'action': 'run_model', 'label': '991cffc6-6860-4c5d-8336-ab6d09dd80d6', 'context': [<snowplow_tracker.self_describing_json.SelfDescribingJson object at 0x000001B382F97160>]}
[0m18:25:53.479676 [info ] [Thread-1  ]: 1 of 1 OK created sql table model ANALYTICS.session_summary .................... [[32mSUCCESS 1[0m in 3.41s]
[0m18:25:53.495218 [debug] [Thread-1  ]: Finished running node model.build_mau.session_summary
[0m18:25:53.495218 [debug] [MainThread]: Connection 'master' was properly closed.
[0m18:25:53.495218 [debug] [MainThread]: Connection 'list_DEV' was properly closed.
[0m18:25:53.495218 [debug] [MainThread]: Connection 'list_DEV_ANALYTICS' was properly closed.
[0m18:25:53.495218 [debug] [MainThread]: Connection 'model.build_mau.session_summary' was properly closed.
[0m18:25:53.495218 [info ] [MainThread]: 
[0m18:25:53.495218 [info ] [MainThread]: Finished running 1 table model in 0 hours 0 minutes and 5.74 seconds (5.74s).
[0m18:25:53.495218 [debug] [MainThread]: Command end result
[0m18:25:53.514460 [info ] [MainThread]: 
[0m18:25:53.514460 [info ] [MainThread]: [32mCompleted successfully[0m
[0m18:25:53.514460 [info ] [MainThread]: 
[0m18:25:53.514460 [info ] [MainThread]: Done. PASS=1 WARN=0 ERROR=0 SKIP=0 TOTAL=1
[0m18:25:53.514460 [debug] [MainThread]: Command `dbt run` succeeded at 18:25:53.514460 after 7.94 seconds
[0m18:25:53.514460 [debug] [MainThread]: Sending event: {'category': 'dbt', 'action': 'invocation', 'label': 'end', 'context': [<snowplow_tracker.self_describing_json.SelfDescribingJson object at 0x000001B3FFB4A850>, <snowplow_tracker.self_describing_json.SelfDescribingJson object at 0x000001B39428D070>, <snowplow_tracker.self_describing_json.SelfDescribingJson object at 0x000001B382414280>]}
[0m18:25:53.514460 [debug] [MainThread]: Flushing usage events
[0m18:29:06.934411 [debug] [MainThread]: Sending event: {'category': 'dbt', 'action': 'invocation', 'label': 'start', 'context': [<snowplow_tracker.self_describing_json.SelfDescribingJson object at 0x0000022BC44658B0>, <snowplow_tracker.self_describing_json.SelfDescribingJson object at 0x0000022BC3C47AF0>, <snowplow_tracker.self_describing_json.SelfDescribingJson object at 0x0000022BC73FF370>]}


============================== 18:29:06.934411 | b3584a47-1cd3-452e-b902-b3a63ca30108 ==============================
[0m18:29:06.934411 [info ] [MainThread]: Running with dbt=1.8.7
[0m18:29:06.934411 [debug] [MainThread]: running dbt with arguments {'printer_width': '80', 'indirect_selection': 'eager', 'write_json': 'True', 'log_cache_events': 'False', 'partial_parse': 'True', 'cache_selected_only': 'False', 'warn_error': 'None', 'fail_fast': 'False', 'profiles_dir': 'C:\\Users\\khush\\.dbt', 'log_path': 'C:\\Users\\khush\\Downloads\\DATA_226\\build_mau\\logs', 'version_check': 'True', 'debug': 'False', 'use_colors': 'True', 'use_experimental_parser': 'False', 'no_print': 'None', 'quiet': 'False', 'empty': 'None', 'log_format': 'default', 'static_parser': 'True', 'warn_error_options': 'WarnErrorOptions(include=[], exclude=[])', 'invocation_command': 'dbt snapshot', 'target_path': 'None', 'introspect': 'True', 'send_anonymous_usage_stats': 'True'}
[0m18:29:07.817406 [debug] [MainThread]: Sending event: {'category': 'dbt', 'action': 'project_id', 'label': 'b3584a47-1cd3-452e-b902-b3a63ca30108', 'context': [<snowplow_tracker.self_describing_json.SelfDescribingJson object at 0x0000022BD8A55DF0>]}
[0m18:29:07.850734 [debug] [MainThread]: Sending event: {'category': 'dbt', 'action': 'adapter_info', 'label': 'b3584a47-1cd3-452e-b902-b3a63ca30108', 'context': [<snowplow_tracker.self_describing_json.SelfDescribingJson object at 0x0000022BD8A5B130>]}
[0m18:29:07.850734 [info ] [MainThread]: Registered adapter: snowflake=1.8.4
[0m18:29:07.867271 [debug] [MainThread]: checksum: 4af21dafb485259c48497ac86b711ddb1982f3d0f1c0ca4e09356de488b753c0, vars: {}, profile: , target: , version: 1.8.7
[0m18:29:08.017057 [debug] [MainThread]: Partial parsing enabled: 0 files deleted, 1 files added, 0 files changed.
[0m18:29:08.017057 [debug] [MainThread]: Partial parsing: added file: build_mau://snapshots\snapshot_session_summary.sql
[0m18:29:08.275112 [debug] [MainThread]: Sending event: {'category': 'dbt', 'action': 'load_project', 'label': 'b3584a47-1cd3-452e-b902-b3a63ca30108', 'context': [<snowplow_tracker.self_describing_json.SelfDescribingJson object at 0x0000022BD8F9E4F0>]}
[0m18:29:08.417276 [debug] [MainThread]: Sending event: {'category': 'dbt', 'action': 'resource_counts', 'label': 'b3584a47-1cd3-452e-b902-b3a63ca30108', 'context': [<snowplow_tracker.self_describing_json.SelfDescribingJson object at 0x0000022BD8F21220>]}
[0m18:29:08.418341 [info ] [MainThread]: Found 3 models, 1 snapshot, 3 sources, 454 macros
[0m18:29:08.419085 [debug] [MainThread]: Sending event: {'category': 'dbt', 'action': 'runnable_timing', 'label': 'b3584a47-1cd3-452e-b902-b3a63ca30108', 'context': [<snowplow_tracker.self_describing_json.SelfDescribingJson object at 0x0000022BD8F21130>]}
[0m18:29:08.419493 [info ] [MainThread]: 
[0m18:29:08.419493 [debug] [MainThread]: Acquiring new snowflake connection 'master'
[0m18:29:08.419493 [debug] [ThreadPool]: Acquiring new snowflake connection 'list_DEV'
[0m18:29:08.435208 [debug] [ThreadPool]: Using snowflake connection "list_DEV"
[0m18:29:08.439382 [debug] [ThreadPool]: On list_DEV: /* {"app": "dbt", "dbt_version": "1.8.7", "profile_name": "build_mau", "target_name": "dev", "connection_name": "list_DEV"} */
show terse schemas in database DEV
    limit 10000
[0m18:29:08.439382 [debug] [ThreadPool]: Opening a new connection, currently in state init
[0m18:29:09.869377 [debug] [ThreadPool]: SQL status: SUCCESS 4 in 1.441 seconds
[0m18:29:09.869377 [debug] [ThreadPool]: On list_DEV: Close
[0m18:29:10.103200 [debug] [ThreadPool]: Re-using an available connection from the pool (formerly list_DEV, now create_DEV_snapshot)
[0m18:29:10.103200 [debug] [ThreadPool]: Creating schema "database: "DEV"
schema: "snapshot"
"
[0m18:29:10.103200 [debug] [ThreadPool]: Using snowflake connection "create_DEV_snapshot"
[0m18:29:10.103200 [debug] [ThreadPool]: On create_DEV_snapshot: /* {"app": "dbt", "dbt_version": "1.8.7", "profile_name": "build_mau", "target_name": "dev", "connection_name": "create_DEV_snapshot"} */
create schema if not exists DEV.snapshot
[0m18:29:10.103200 [debug] [ThreadPool]: Opening a new connection, currently in state closed
[0m18:29:14.099240 [debug] [ThreadPool]: SQL status: SUCCESS 1 in 3.999 seconds
[0m18:29:14.099240 [debug] [ThreadPool]: On create_DEV_snapshot: Close
[0m18:29:14.270375 [debug] [ThreadPool]: Acquiring new snowflake connection 'list_DEV_ANALYTICS'
[0m18:29:14.284030 [debug] [ThreadPool]: Using snowflake connection "list_DEV_ANALYTICS"
[0m18:29:14.284030 [debug] [ThreadPool]: On list_DEV_ANALYTICS: /* {"app": "dbt", "dbt_version": "1.8.7", "profile_name": "build_mau", "target_name": "dev", "connection_name": "list_DEV_ANALYTICS"} */
show objects in DEV.ANALYTICS limit 10000
[0m18:29:14.284030 [debug] [ThreadPool]: Opening a new connection, currently in state init
[0m18:29:15.238416 [debug] [ThreadPool]: SQL status: SUCCESS 1 in 0.949 seconds
[0m18:29:15.239716 [debug] [ThreadPool]: On list_DEV_ANALYTICS: Close
[0m18:29:15.405131 [debug] [ThreadPool]: Re-using an available connection from the pool (formerly list_DEV_ANALYTICS, now list_DEV_snapshot)
[0m18:29:15.408149 [debug] [ThreadPool]: Using snowflake connection "list_DEV_snapshot"
[0m18:29:15.409230 [debug] [ThreadPool]: On list_DEV_snapshot: /* {"app": "dbt", "dbt_version": "1.8.7", "profile_name": "build_mau", "target_name": "dev", "connection_name": "list_DEV_snapshot"} */
show objects in DEV.snapshot limit 10000
[0m18:29:15.409230 [debug] [ThreadPool]: Opening a new connection, currently in state closed
[0m18:29:16.340855 [debug] [ThreadPool]: SQL status: SUCCESS 0 in 0.938 seconds
[0m18:29:16.340855 [debug] [ThreadPool]: On list_DEV_snapshot: Close
[0m18:29:16.563513 [debug] [MainThread]: Sending event: {'category': 'dbt', 'action': 'runnable_timing', 'label': 'b3584a47-1cd3-452e-b902-b3a63ca30108', 'context': [<snowplow_tracker.self_describing_json.SelfDescribingJson object at 0x0000022BD912C370>]}
[0m18:29:16.564558 [info ] [MainThread]: Concurrency: 1 threads (target='dev')
[0m18:29:16.565512 [info ] [MainThread]: 
[0m18:29:16.569619 [debug] [Thread-1  ]: Began running node snapshot.build_mau.snapshot_session_summary
[0m18:29:16.570619 [info ] [Thread-1  ]: 1 of 1 START snapshot snapshot.snapshot_session_summary ........................ [RUN]
[0m18:29:16.571618 [debug] [Thread-1  ]: Acquiring new snowflake connection 'snapshot.build_mau.snapshot_session_summary'
[0m18:29:16.572618 [debug] [Thread-1  ]: Began compiling node snapshot.build_mau.snapshot_session_summary
[0m18:29:16.580708 [debug] [Thread-1  ]: Began executing node snapshot.build_mau.snapshot_session_summary
[0m18:29:16.656404 [debug] [Thread-1  ]: Using snowflake connection "snapshot.build_mau.snapshot_session_summary"
[0m18:29:16.656404 [debug] [Thread-1  ]: On snapshot.build_mau.snapshot_session_summary: /* {"app": "dbt", "dbt_version": "1.8.7", "profile_name": "build_mau", "target_name": "dev", "node_id": "snapshot.build_mau.snapshot_session_summary"} */
/* {"app": "dbt", "dbt_version": "1.8.7", "profile_name": "build_mau", "target_name": "dev", "node_id": "snapshot.build_mau.snapshot_session_summary"} */
select * from (
        
    

    select *,
        md5(coalesce(cast(sessionId as varchar ), '')
         || '|' || coalesce(cast(ts as varchar ), '')
        ) as dbt_scd_id,
        ts as dbt_updated_at,
        ts as dbt_valid_from,
        nullif(ts, ts) as dbt_valid_to
    from (
        

  

SELECT * FROM DEV.ANALYTICS.session_summary

    ) sbq



    ) as __dbt_sbq
    where false
    limit 0
[0m18:29:16.657397 [debug] [Thread-1  ]: Opening a new connection, currently in state init
[0m18:29:18.031954 [debug] [Thread-1  ]: SQL status: SUCCESS 0 in 1.386 seconds
[0m18:29:18.047607 [debug] [Thread-1  ]: Using snowflake connection "snapshot.build_mau.snapshot_session_summary"
[0m18:29:18.047607 [debug] [Thread-1  ]: On snapshot.build_mau.snapshot_session_summary: /* {"app": "dbt", "dbt_version": "1.8.7", "profile_name": "build_mau", "target_name": "dev", "node_id": "snapshot.build_mau.snapshot_session_summary"} */
/* {"app": "dbt", "dbt_version": "1.8.7", "profile_name": "build_mau", "target_name": "dev", "node_id": "snapshot.build_mau.snapshot_session_summary"} */
select * from (
        select to_timestamp_ntz(convert_timezone('UTC', current_timestamp())) as dbt_snapshot_time
    ) as __dbt_sbq
    where false
    limit 0
[0m18:29:18.195117 [debug] [Thread-1  ]: SQL status: SUCCESS 0 in 0.144 seconds
[0m18:29:18.196197 [debug] [Thread-1  ]: Writing runtime sql for node "snapshot.build_mau.snapshot_session_summary"
[0m18:29:18.198038 [debug] [Thread-1  ]: Using snowflake connection "snapshot.build_mau.snapshot_session_summary"
[0m18:29:18.199056 [debug] [Thread-1  ]: On snapshot.build_mau.snapshot_session_summary: /* {"app": "dbt", "dbt_version": "1.8.7", "profile_name": "build_mau", "target_name": "dev", "node_id": "snapshot.build_mau.snapshot_session_summary"} */
create or replace transient table DEV.snapshot.snapshot_session_summary
         as
        (
    

    select *,
        md5(coalesce(cast(sessionId as varchar ), '')
         || '|' || coalesce(cast(ts as varchar ), '')
        ) as dbt_scd_id,
        ts as dbt_updated_at,
        ts as dbt_valid_from,
        nullif(ts, ts) as dbt_valid_to
    from (
        

  

SELECT * FROM DEV.ANALYTICS.session_summary

    ) sbq



        );
[0m18:29:20.340937 [debug] [Thread-1  ]: SQL status: SUCCESS 1 in 2.142 seconds
[0m18:29:20.356520 [debug] [Thread-1  ]: On snapshot.build_mau.snapshot_session_summary: Close
[0m18:29:20.528507 [debug] [Thread-1  ]: Sending event: {'category': 'dbt', 'action': 'run_model', 'label': 'b3584a47-1cd3-452e-b902-b3a63ca30108', 'context': [<snowplow_tracker.self_describing_json.SelfDescribingJson object at 0x0000022BC76FA070>]}
[0m18:29:20.528507 [info ] [Thread-1  ]: 1 of 1 OK snapshotted snapshot.snapshot_session_summary ........................ [[32mSUCCESS 1[0m in 3.96s]
[0m18:29:20.528507 [debug] [Thread-1  ]: Finished running node snapshot.build_mau.snapshot_session_summary
[0m18:29:20.528507 [debug] [MainThread]: Connection 'master' was properly closed.
[0m18:29:20.528507 [debug] [MainThread]: Connection 'create_DEV_snapshot' was properly closed.
[0m18:29:20.528507 [debug] [MainThread]: Connection 'list_DEV_snapshot' was properly closed.
[0m18:29:20.528507 [debug] [MainThread]: Connection 'snapshot.build_mau.snapshot_session_summary' was properly closed.
[0m18:29:20.528507 [info ] [MainThread]: 
[0m18:29:20.528507 [info ] [MainThread]: Finished running 1 snapshot in 0 hours 0 minutes and 12.11 seconds (12.11s).
[0m18:29:20.528507 [debug] [MainThread]: Command end result
[0m18:29:20.559721 [info ] [MainThread]: 
[0m18:29:20.559721 [info ] [MainThread]: [32mCompleted successfully[0m
[0m18:29:20.559721 [info ] [MainThread]: 
[0m18:29:20.559721 [info ] [MainThread]: Done. PASS=1 WARN=0 ERROR=0 SKIP=0 TOTAL=1
[0m18:29:20.559721 [debug] [MainThread]: Command `dbt snapshot` succeeded at 18:29:20.559721 after 13.68 seconds
[0m18:29:20.559721 [debug] [MainThread]: Sending event: {'category': 'dbt', 'action': 'invocation', 'label': 'end', 'context': [<snowplow_tracker.self_describing_json.SelfDescribingJson object at 0x0000022BC44658B0>, <snowplow_tracker.self_describing_json.SelfDescribingJson object at 0x0000022BC7899610>, <snowplow_tracker.self_describing_json.SelfDescribingJson object at 0x0000022BD8B25790>]}
[0m18:29:20.559721 [debug] [MainThread]: Flushing usage events
[0m18:32:05.686938 [debug] [MainThread]: Sending event: {'category': 'dbt', 'action': 'invocation', 'label': 'start', 'context': [<snowplow_tracker.self_describing_json.SelfDescribingJson object at 0x0000027B577047F0>, <snowplow_tracker.self_describing_json.SelfDescribingJson object at 0x0000027B59FE1B20>, <snowplow_tracker.self_describing_json.SelfDescribingJson object at 0x0000027B59FE17C0>]}


============================== 18:32:05.686938 | 14d8e683-d8bf-4dab-8147-7447d36fa477 ==============================
[0m18:32:05.686938 [info ] [MainThread]: Running with dbt=1.8.7
[0m18:32:05.686938 [debug] [MainThread]: running dbt with arguments {'printer_width': '80', 'indirect_selection': 'eager', 'write_json': 'True', 'log_cache_events': 'False', 'partial_parse': 'True', 'cache_selected_only': 'False', 'profiles_dir': 'C:\\Users\\khush\\.dbt', 'version_check': 'True', 'warn_error': 'None', 'log_path': 'C:\\Users\\khush\\Downloads\\DATA_226\\build_mau\\logs', 'fail_fast': 'False', 'debug': 'False', 'use_colors': 'True', 'use_experimental_parser': 'False', 'no_print': 'None', 'quiet': 'False', 'empty': 'None', 'log_format': 'default', 'invocation_command': 'dbt test', 'introspect': 'True', 'static_parser': 'True', 'target_path': 'None', 'warn_error_options': 'WarnErrorOptions(include=[], exclude=[])', 'send_anonymous_usage_stats': 'True'}
[0m18:32:06.489920 [debug] [MainThread]: Sending event: {'category': 'dbt', 'action': 'project_id', 'label': '14d8e683-d8bf-4dab-8147-7447d36fa477', 'context': [<snowplow_tracker.self_describing_json.SelfDescribingJson object at 0x0000027B6BCF98B0>]}
[0m18:32:06.521177 [debug] [MainThread]: Sending event: {'category': 'dbt', 'action': 'adapter_info', 'label': '14d8e683-d8bf-4dab-8147-7447d36fa477', 'context': [<snowplow_tracker.self_describing_json.SelfDescribingJson object at 0x0000027B6BD3CB80>]}
[0m18:32:06.536816 [info ] [MainThread]: Registered adapter: snowflake=1.8.4
[0m18:32:06.536816 [debug] [MainThread]: checksum: 4af21dafb485259c48497ac86b711ddb1982f3d0f1c0ca4e09356de488b753c0, vars: {}, profile: , target: , version: 1.8.7
[0m18:32:06.704547 [debug] [MainThread]: Partial parsing enabled: 0 files deleted, 1 files added, 0 files changed.
[0m18:32:06.704547 [debug] [MainThread]: Partial parsing: added file: build_mau://models\schema.yml
[0m18:32:06.962479 [debug] [MainThread]: Sending event: {'category': 'dbt', 'action': 'load_project', 'label': '14d8e683-d8bf-4dab-8147-7447d36fa477', 'context': [<snowplow_tracker.self_describing_json.SelfDescribingJson object at 0x0000027B6C1E0700>]}
[0m18:32:07.181250 [debug] [MainThread]: Sending event: {'category': 'dbt', 'action': 'resource_counts', 'label': '14d8e683-d8bf-4dab-8147-7447d36fa477', 'context': [<snowplow_tracker.self_describing_json.SelfDescribingJson object at 0x0000027B6BF7B430>]}
[0m18:32:07.181250 [info ] [MainThread]: Found 3 models, 1 snapshot, 2 data tests, 3 sources, 454 macros
[0m18:32:07.181250 [debug] [MainThread]: Sending event: {'category': 'dbt', 'action': 'runnable_timing', 'label': '14d8e683-d8bf-4dab-8147-7447d36fa477', 'context': [<snowplow_tracker.self_describing_json.SelfDescribingJson object at 0x0000027B5ABB3250>]}
[0m18:32:07.181250 [info ] [MainThread]: 
[0m18:32:07.181250 [debug] [MainThread]: Acquiring new snowflake connection 'master'
[0m18:32:07.181250 [debug] [ThreadPool]: Acquiring new snowflake connection 'list_DEV_ANALYTICS'
[0m18:32:07.196851 [debug] [ThreadPool]: Using snowflake connection "list_DEV_ANALYTICS"
[0m18:32:07.196851 [debug] [ThreadPool]: On list_DEV_ANALYTICS: /* {"app": "dbt", "dbt_version": "1.8.7", "profile_name": "build_mau", "target_name": "dev", "connection_name": "list_DEV_ANALYTICS"} */
show objects in DEV.ANALYTICS limit 10000
[0m18:32:07.196851 [debug] [ThreadPool]: Opening a new connection, currently in state init
[0m18:32:08.178152 [debug] [ThreadPool]: SQL status: SUCCESS 1 in 0.980 seconds
[0m18:32:08.178152 [debug] [ThreadPool]: On list_DEV_ANALYTICS: Close
[0m18:32:08.350098 [debug] [ThreadPool]: Re-using an available connection from the pool (formerly list_DEV_ANALYTICS, now list_DEV_snapshot)
[0m18:32:08.350098 [debug] [ThreadPool]: Using snowflake connection "list_DEV_snapshot"
[0m18:32:08.350098 [debug] [ThreadPool]: On list_DEV_snapshot: /* {"app": "dbt", "dbt_version": "1.8.7", "profile_name": "build_mau", "target_name": "dev", "connection_name": "list_DEV_snapshot"} */
show objects in DEV.snapshot limit 10000
[0m18:32:08.350098 [debug] [ThreadPool]: Opening a new connection, currently in state closed
[0m18:32:09.335287 [debug] [ThreadPool]: SQL status: SUCCESS 1 in 0.978 seconds
[0m18:32:09.335287 [debug] [ThreadPool]: On list_DEV_snapshot: Close
[0m18:32:09.509118 [debug] [MainThread]: Sending event: {'category': 'dbt', 'action': 'runnable_timing', 'label': '14d8e683-d8bf-4dab-8147-7447d36fa477', 'context': [<snowplow_tracker.self_describing_json.SelfDescribingJson object at 0x0000027B6BFEDD30>]}
[0m18:32:09.514507 [info ] [MainThread]: Concurrency: 1 threads (target='dev')
[0m18:32:09.515207 [info ] [MainThread]: 
[0m18:32:09.524236 [debug] [Thread-1  ]: Began running node test.build_mau.not_null_session_summary_sessionId.e6aec1a6c6
[0m18:32:09.525230 [info ] [Thread-1  ]: 1 of 2 START test not_null_session_summary_sessionId ........................... [RUN]
[0m18:32:09.526338 [debug] [Thread-1  ]: Acquiring new snowflake connection 'test.build_mau.not_null_session_summary_sessionId.e6aec1a6c6'
[0m18:32:09.526338 [debug] [Thread-1  ]: Began compiling node test.build_mau.not_null_session_summary_sessionId.e6aec1a6c6
[0m18:32:09.532261 [debug] [Thread-1  ]: Writing injected SQL for node "test.build_mau.not_null_session_summary_sessionId.e6aec1a6c6"
[0m18:32:09.532261 [debug] [Thread-1  ]: Began executing node test.build_mau.not_null_session_summary_sessionId.e6aec1a6c6
[0m18:32:09.568357 [debug] [Thread-1  ]: Writing runtime sql for node "test.build_mau.not_null_session_summary_sessionId.e6aec1a6c6"
[0m18:32:09.568701 [debug] [Thread-1  ]: Using snowflake connection "test.build_mau.not_null_session_summary_sessionId.e6aec1a6c6"
[0m18:32:09.568701 [debug] [Thread-1  ]: On test.build_mau.not_null_session_summary_sessionId.e6aec1a6c6: /* {"app": "dbt", "dbt_version": "1.8.7", "profile_name": "build_mau", "target_name": "dev", "node_id": "test.build_mau.not_null_session_summary_sessionId.e6aec1a6c6"} */
select
      count(*) as failures,
      count(*) != 0 as should_warn,
      count(*) != 0 as should_error
    from (
      
    
    



select sessionId
from DEV.ANALYTICS.session_summary
where sessionId is null



      
    ) dbt_internal_test
[0m18:32:09.568701 [debug] [Thread-1  ]: Opening a new connection, currently in state init
[0m18:32:10.673649 [debug] [Thread-1  ]: SQL status: SUCCESS 1 in 1.102 seconds
[0m18:32:10.679931 [debug] [Thread-1  ]: On test.build_mau.not_null_session_summary_sessionId.e6aec1a6c6: Close
[0m18:32:10.851925 [info ] [Thread-1  ]: 1 of 2 PASS not_null_session_summary_sessionId ................................. [[32mPASS[0m in 1.33s]
[0m18:32:10.851925 [debug] [Thread-1  ]: Finished running node test.build_mau.not_null_session_summary_sessionId.e6aec1a6c6
[0m18:32:10.851925 [debug] [Thread-1  ]: Began running node test.build_mau.unique_session_summary_sessionId.9c5e5661a0
[0m18:32:10.851925 [info ] [Thread-1  ]: 2 of 2 START test unique_session_summary_sessionId ............................. [RUN]
[0m18:32:10.851925 [debug] [Thread-1  ]: Re-using an available connection from the pool (formerly test.build_mau.not_null_session_summary_sessionId.e6aec1a6c6, now test.build_mau.unique_session_summary_sessionId.9c5e5661a0)
[0m18:32:10.851925 [debug] [Thread-1  ]: Began compiling node test.build_mau.unique_session_summary_sessionId.9c5e5661a0
[0m18:32:10.869308 [debug] [Thread-1  ]: Writing injected SQL for node "test.build_mau.unique_session_summary_sessionId.9c5e5661a0"
[0m18:32:10.869308 [debug] [Thread-1  ]: Began executing node test.build_mau.unique_session_summary_sessionId.9c5e5661a0
[0m18:32:10.869308 [debug] [Thread-1  ]: Writing runtime sql for node "test.build_mau.unique_session_summary_sessionId.9c5e5661a0"
[0m18:32:10.869308 [debug] [Thread-1  ]: Using snowflake connection "test.build_mau.unique_session_summary_sessionId.9c5e5661a0"
[0m18:32:10.869308 [debug] [Thread-1  ]: On test.build_mau.unique_session_summary_sessionId.9c5e5661a0: /* {"app": "dbt", "dbt_version": "1.8.7", "profile_name": "build_mau", "target_name": "dev", "node_id": "test.build_mau.unique_session_summary_sessionId.9c5e5661a0"} */
select
      count(*) as failures,
      count(*) != 0 as should_warn,
      count(*) != 0 as should_error
    from (
      
    
    

select
    sessionId as unique_field,
    count(*) as n_records

from DEV.ANALYTICS.session_summary
where sessionId is not null
group by sessionId
having count(*) > 1



      
    ) dbt_internal_test
[0m18:32:10.869308 [debug] [Thread-1  ]: Opening a new connection, currently in state closed
[0m18:32:12.579441 [debug] [Thread-1  ]: SQL status: SUCCESS 1 in 1.707 seconds
[0m18:32:12.579441 [debug] [Thread-1  ]: On test.build_mau.unique_session_summary_sessionId.9c5e5661a0: Close
[0m18:32:12.760233 [info ] [Thread-1  ]: 2 of 2 PASS unique_session_summary_sessionId ................................... [[32mPASS[0m in 1.91s]
[0m18:32:12.760233 [debug] [Thread-1  ]: Finished running node test.build_mau.unique_session_summary_sessionId.9c5e5661a0
[0m18:32:12.760233 [debug] [MainThread]: Connection 'master' was properly closed.
[0m18:32:12.760233 [debug] [MainThread]: Connection 'list_DEV_snapshot' was properly closed.
[0m18:32:12.760233 [debug] [MainThread]: Connection 'test.build_mau.unique_session_summary_sessionId.9c5e5661a0' was properly closed.
[0m18:32:12.760233 [info ] [MainThread]: 
[0m18:32:12.760233 [info ] [MainThread]: Finished running 2 data tests in 0 hours 0 minutes and 5.58 seconds (5.58s).
[0m18:32:12.773296 [debug] [MainThread]: Command end result
[0m18:32:12.800237 [info ] [MainThread]: 
[0m18:32:12.800237 [info ] [MainThread]: [32mCompleted successfully[0m
[0m18:32:12.800237 [info ] [MainThread]: 
[0m18:32:12.800237 [info ] [MainThread]: Done. PASS=2 WARN=0 ERROR=0 SKIP=0 TOTAL=2
[0m18:32:12.800237 [debug] [MainThread]: Command `dbt test` succeeded at 18:32:12.800237 after 7.16 seconds
[0m18:32:12.800237 [debug] [MainThread]: Sending event: {'category': 'dbt', 'action': 'invocation', 'label': 'end', 'context': [<snowplow_tracker.self_describing_json.SelfDescribingJson object at 0x0000027B577047F0>, <snowplow_tracker.self_describing_json.SelfDescribingJson object at 0x0000027B6BD3CB80>, <snowplow_tracker.self_describing_json.SelfDescribingJson object at 0x0000027B6BF7B430>]}
[0m18:32:12.800237 [debug] [MainThread]: Flushing usage events
